<?xml version="1.0" encoding="UTF-8"?>
<testsuites>
  <testsuite name="/srv/mact/phpunit.xml.dist" tests="4" assertions="7" errors="0" failures="0" skipped="0" time="0.016567">
    <testsuite name="unit" tests="4" assertions="7" errors="0" failures="0" skipped="0" time="0.016567">
      <testsuite name="Mact\Tests\Unit\Validator\Constraints\PasswordValidatorTest" file="/srv/mact/tests/Unit/Validator/Constraints/PasswordValidatorTest.php" tests="4" assertions="7" errors="0" failures="0" skipped="0" time="0.016567">
        <testcase name="testItShouldBeThrowAnException" file="/srv/mact/tests/Unit/Validator/Constraints/PasswordValidatorTest.php" line="19" class="Mact\Tests\Unit\Validator\Constraints\PasswordValidatorTest" classname="Mact.Tests.Unit.Validator.Constraints.PasswordValidatorTest" assertions="2" time="0.012698"/>
        <testsuite name="Mact\Tests\Unit\Validator\Constraints\PasswordValidatorTest::testItShouldBeAnInvalidPasswordWithDefaultConfiguration" tests="2" assertions="4" errors="0" failures="0" skipped="0" time="0.002994">
          <testcase name="testItShouldBeAnInvalidPasswordWithDefaultConfiguration with data set &quot;expect no lower char&quot;" file="/srv/mact/tests/Unit/Validator/Constraints/PasswordValidatorTest.php" line="31" class="Mact\Tests\Unit\Validator\Constraints\PasswordValidatorTest" classname="Mact.Tests.Unit.Validator.Constraints.PasswordValidatorTest" assertions="2" time="0.001939"/>
          <testcase name="testItShouldBeAnInvalidPasswordWithDefaultConfiguration with data set &quot;expect no more than 100 characters&quot;" file="/srv/mact/tests/Unit/Validator/Constraints/PasswordValidatorTest.php" line="31" class="Mact\Tests\Unit\Validator\Constraints\PasswordValidatorTest" classname="Mact.Tests.Unit.Validator.Constraints.PasswordValidatorTest" assertions="2" time="0.001056"/>
        </testsuite>
        <testcase name="testItShouldBeAValidPasswordWithDefaultConfiguration" file="/srv/mact/tests/Unit/Validator/Constraints/PasswordValidatorTest.php" line="44" class="Mact\Tests\Unit\Validator\Constraints\PasswordValidatorTest" classname="Mact.Tests.Unit.Validator.Constraints.PasswordValidatorTest" assertions="1" time="0.000875"/>
      </testsuite>
    </testsuite>
  </testsuite>
</testsuites>
